Example/build/app/intermediates/manifest_merge_blame_file/debug/manifest-merger-blame-debug-report.txt
1<?xml version="1.0" encoding="utf-8"?>
2<manifest xmlns:android="http://schemas.android.com/apk/res/android"
3    package="com.example.agora_live_interactive_broadcasting"
4    android:versionCode="1"
5    android:versionName="1.0.0" >
6
7    <uses-sdk
8        android:minSdkVersion="16"
9        android:targetSdkVersion="28" />
10    <!--
11         Flutter needs it to communicate with the running application
12         to allow setting breakpoints, to provide hot reload, etc.
13    -->
14    <uses-permission android:name="android.permission.INTERNET" />
14-->src/debug/AndroidManifest.xml:6:5-66
14-->src/debug/AndroidManifest.xml:6:22-64
15    <uses-permission android:name="android.permission.RECORD_AUDIO" />
15-->[:agora_rtc_engine] AndroidManifest.xml:8:5-71
15-->[:agora_rtc_engine] AndroidManifest.xml:8:22-68
16    <uses-permission android:name="android.permission.CAMERA" />
16-->[:agora_rtc_engine] AndroidManifest.xml:9:5-65
16-->[:agora_rtc_engine] AndroidManifest.xml:9:22-62
17    <uses-permission android:name="android.permission.MODIFY_AUDIO_SETTINGS" />
17-->[:agora_rtc_engine] AndroidManifest.xml:10:5-80
17-->[:agora_rtc_engine] AndroidManifest.xml:10:22-77
18    <uses-permission android:name="android.permission.ACCESS_NETWORK_STATE" />
18-->[:agora_rtc_engine] AndroidManifest.xml:11:5-79
18-->[:agora_rtc_engine] AndroidManifest.xml:11:22-76
19    <uses-permission android:name="android.permission.WRITE_EXTERNAL_STORAGE" />
19-->[:agora_rtc_engine] AndroidManifest.xml:12:5-81
19-->[:agora_rtc_engine] AndroidManifest.xml:12:22-78
20    <uses-permission android:name="android.permission.BLUETOOTH" />
20-->[:agora_rtc_engine] AndroidManifest.xml:13:5-68
20-->[:agora_rtc_engine] AndroidManifest.xml:13:22-65
21    <uses-permission android:name="android.permission.READ_EXTERNAL_STORAGE" />
22    <!--
23 io.flutter.app.FlutterApplication is an android.app.Application that
24         calls FlutterMain.startInitialization(this); in its onCreate method.
25         In most cases you can leave this as-is, but you if you want to provide
26         additional functionality it is fine to subclass or reimplement
27         FlutterApplication and put your custom class here.
28    -->
29    <application
29-->src/main/AndroidManifest.xml:8:5-29:19
30        android:name="io.flutter.app.FlutterApplication"
30-->src/main/AndroidManifest.xml:9:9-57
31        android:appComponentFactory="androidx.core.app.CoreComponentFactory"
31-->[androidx.core:core:1.1.0] AndroidManifest.xml:24:18-86
32        android:debuggable="true"
33        android:icon="@mipmap/ic_launcher"
33-->src/main/AndroidManifest.xml:11:9-43
34        android:label="agora_live_interactive_broadcasting" >
34-->src/main/AndroidManifest.xml:10:9-60
35        <activity
35-->src/main/AndroidManifest.xml:12:9-23:20
36            android:name="com.example.agora_live_interactive_broadcasting.MainActivity"
36-->src/main/AndroidManifest.xml:13:13-41
37            android:configChanges="orientation|keyboardHidden|keyboard|screenSize|smallestScreenSize|locale|layoutDirection|fontScale|screenLayout|density|uiMode"
37-->src/main/AndroidManifest.xml:16:13-163
38            android:hardwareAccelerated="true"
38-->src/main/AndroidManifest.xml:17:13-47
39            android:launchMode="singleTop"
39-->src/main/AndroidManifest.xml:14:13-43
40            android:theme="@style/LaunchTheme"
40-->src/main/AndroidManifest.xml:15:13-47
41            android:windowSoftInputMode="adjustResize" >
41-->src/main/AndroidManifest.xml:18:13-55
42            <intent-filter>
42-->src/main/AndroidManifest.xml:19:13-22:29
43                <action android:name="android.intent.action.MAIN" />
43-->src/main/AndroidManifest.xml:20:17-68
43-->src/main/AndroidManifest.xml:20:25-66
44
45                <category android:name="android.intent.category.LAUNCHER" />
45-->src/main/AndroidManifest.xml:21:17-76
45-->src/main/AndroidManifest.xml:21:27-74
46            </intent-filter>
47        </activity>
48        <!--
49             Don't delete the meta-data below.
50             This is used by the Flutter tool to generate GeneratedPluginRegistrant.java
51        -->
52        <meta-data
52-->src/main/AndroidManifest.xml:26:9-28:33
53            android:name="flutterEmbedding"
53-->src/main/AndroidManifest.xml:27:13-44
54            android:value="2" />
54-->src/main/AndroidManifest.xml:28:13-30
55    </application>
56
57</manifest>